TN:
SF:src/index.js
FNF:0
FNH:0
DA:7,1
LF:1
LH:1
BRF:0
BRH:0
end_of_record
TN:
SF:src/application/App.js
FN:8,(anonymous_0)
FN:10,App
FN:57,(anonymous_2)
FNF:3
FNH:1
FNDA:0,(anonymous_0)
FNDA:2,App
FNDA:0,(anonymous_2)
DA:8,1
DA:11,2
DA:12,2
DA:57,1
DA:58,0
LF:5
LH:4
BRDA:28,0,0,2
BRDA:28,0,1,0
BRDA:46,1,0,2
BRDA:46,1,1,0
BRF:4
BRH:2
end_of_record
TN:
SF:src/application/About/index.js
FN:3,(anonymous_0)
FNF:1
FNH:0
FNDA:0,(anonymous_0)
DA:3,1
DA:4,0
LF:2
LH:1
BRF:0
BRH:0
end_of_record
TN:
SF:src/application/Users/index.js
FN:3,(anonymous_0)
FNF:1
FNH:0
FNDA:0,(anonymous_0)
DA:3,0
DA:4,0
LF:2
LH:0
BRF:0
BRH:0
end_of_record
TN:
SF:src/design-system/Alert/index.js
FN:3,(anonymous_0)
FNF:1
FNH:0
FNDA:0,(anonymous_0)
DA:3,0
LF:1
LH:0
BRF:0
BRH:0
end_of_record
TN:
SF:src/design-system/GlobalStyles/index.js
FN:14,(anonymous_0)
FN:15,(anonymous_1)
FN:19,(anonymous_2)
FNF:3
FNH:3
FNDA:2,(anonymous_0)
FNDA:2,(anonymous_1)
FNDA:1,(anonymous_2)
DA:4,1
DA:7,1
DA:12,1
DA:14,2
DA:15,2
DA:19,1
DA:20,1
LF:7
LH:7
BRDA:21,0,0,0
BRDA:21,0,1,1
BRF:2
BRH:1
end_of_record
TN:
SF:src/design-system/Message/index.js
FN:3,(anonymous_0)
FNF:1
FNH:0
FNDA:0,(anonymous_0)
DA:3,0
LF:1
LH:0
BRF:0
BRH:0
end_of_record
TN:
SF:src/design-system/Toggle/index.js
FN:5,(anonymous_0)
FN:6,(anonymous_1)
FN:9,(anonymous_2)
FNF:3
FNH:3
FNDA:1,(anonymous_0)
FNDA:1,(anonymous_1)
FNDA:1,(anonymous_2)
DA:4,1
DA:5,1
DA:6,1
DA:9,1
DA:10,1
LF:5
LH:5
BRDA:5,0,0,1
BRDA:5,0,1,1
BRDA:6,1,0,1
BRDA:6,1,1,1
BRDA:12,2,0,0
BRDA:12,2,1,1
BRF:6
BRH:5
end_of_record
TN:
SF:src/utilities/addOne.js
FN:1,(anonymous_0)
FNF:1
FNH:0
FNDA:0,(anonymous_0)
DA:1,0
LF:1
LH:0
BRF:0
BRH:0
end_of_record
TN:
SF:src/utilities/useToggle.js
FN:5,(anonymous_0)
FN:8,(anonymous_1)
FN:8,(anonymous_2)
FN:9,(anonymous_3)
FN:10,(anonymous_4)
FNF:5
FNH:5
FNDA:10,(anonymous_0)
FNDA:1,(anonymous_1)
FNDA:1,(anonymous_2)
FNDA:1,(anonymous_3)
FNDA:1,(anonymous_4)
DA:5,2
DA:6,10
DA:8,10
DA:9,10
DA:10,10
DA:12,10
LF:6
LH:6
BRDA:5,0,0,7
BRF:1
BRH:1
end_of_record
